0 info it worked if it ends with ok
1 verbose cli [ '/usr/local/Cellar/node/5.4.1_1/bin/node',
1 verbose cli   '/usr/local/bin/npm',
1 verbose cli   'run',
1 verbose cli   'build' ]
2 info using npm@3.10.8
3 info using node@v5.4.1
4 verbose run-script [ 'prebuild', 'build', 'postbuild' ]
5 info lifecycle auction-fundraizer@1.0.0~prebuild: auction-fundraizer@1.0.0
6 silly lifecycle auction-fundraizer@1.0.0~prebuild: no script for prebuild, continuing
7 info lifecycle auction-fundraizer@1.0.0~build: auction-fundraizer@1.0.0
8 verbose lifecycle auction-fundraizer@1.0.0~build: unsafe-perm in lifecycle true
9 verbose lifecycle auction-fundraizer@1.0.0~build: PATH: /usr/local/lib/node_modules/npm/bin/node-gyp-bin:/Users/cloudfactory/github/auction/auction-fundraizer/node_modules/.bin:/usr/local/Cellar/node/5.4.1_1/bin:/usr/local/bin:/Users/cloudfactory/.rvm/gems/ruby-2.3.1/bin:/Users/cloudfactory/.rvm/gems/ruby-2.3.1@global/bin:/Users/cloudfactory/.rvm/rubies/ruby-2.3.1/bin:/usr/local/bin:/usr/local/sbin:/usr/bin:/bin:/usr/sbin:/sbin:/Users/cloudfactory/.rvm/bin:/Users/cloudfactory/.cf.files/bin:/Users/cloudfactory/.rvm/bin
10 verbose lifecycle auction-fundraizer@1.0.0~build: CWD: /Users/cloudfactory/github/auction/auction-fundraizer
11 silly lifecycle auction-fundraizer@1.0.0~build: Args: [ '-c', 'webpack -p' ]
12 silly lifecycle auction-fundraizer@1.0.0~build: Returned: code: 2  signal: null
13 info lifecycle auction-fundraizer@1.0.0~build: Failed to exec build script
14 verbose stack Error: auction-fundraizer@1.0.0 build: `webpack -p`
14 verbose stack Exit status 2
14 verbose stack     at EventEmitter.<anonymous> (/usr/local/lib/node_modules/npm/lib/utils/lifecycle.js:255:16)
14 verbose stack     at emitTwo (events.js:87:13)
14 verbose stack     at EventEmitter.emit (events.js:172:7)
14 verbose stack     at ChildProcess.<anonymous> (/usr/local/lib/node_modules/npm/lib/utils/spawn.js:40:14)
14 verbose stack     at emitTwo (events.js:87:13)
14 verbose stack     at ChildProcess.emit (events.js:172:7)
14 verbose stack     at maybeClose (internal/child_process.js:821:16)
14 verbose stack     at Process.ChildProcess._handle.onexit (internal/child_process.js:211:5)
15 verbose pkgid auction-fundraizer@1.0.0
16 verbose cwd /Users/cloudfactory/github/auction/auction-fundraizer
17 error Darwin 15.6.0
18 error argv "/usr/local/Cellar/node/5.4.1_1/bin/node" "/usr/local/bin/npm" "run" "build"
19 error node v5.4.1
20 error npm  v3.10.8
21 error code ELIFECYCLE
22 error auction-fundraizer@1.0.0 build: `webpack -p`
22 error Exit status 2
23 error Failed at the auction-fundraizer@1.0.0 build script 'webpack -p'.
23 error Make sure you have the latest version of node.js and npm installed.
23 error If you do, this is most likely a problem with the auction-fundraizer package,
23 error not with npm itself.
23 error Tell the author that this fails on your system:
23 error     webpack -p
23 error You can get information on how to open an issue for this project with:
23 error     npm bugs auction-fundraizer
23 error Or if that isn't available, you can get their info via:
23 error     npm owner ls auction-fundraizer
23 error There is likely additional logging output above.
24 verbose exit [ 1, true ]
